<?xml version="1.0" encoding="UTF-8"?>
<!-- Generated by org.testng.reporters.JUnitReportReporter -->
<testsuite hostname="IBM-PF37EQCD" failures="0" tests="1" name="test.PlaylistTests" time="1.851" errors="0" timestamp="18 Nov 2022 06:45:29 GMT" skipped="0">
  <testcase classname="test.PlaylistTests" name="createPlaylistUsingPojo" time="1.851"/>
</testsuite> <!-- test.PlaylistTests -->
